<?xml version='1.0' encoding='UTF-8' ?>
<testsuite name="com.example.taphan.core1.AddCourseChangeTextBehaviorTest" tests="17" failures="0" errors="0" skipped="0" time="27.274" timestamp="2017-04-26T20:05:23" hostname="localhost">
  <properties>
    <property name="device" value="Nexus_5X_API_25(AVD) - 7.1.1" />
    <property name="flavor" value="" />
    <property name="project" value="app" />
  </properties>
  <testcase name="changeText_newActivity" classname="com.example.taphan.core1.AddCourseChangeTextBehaviorTest" time="5.061" />
  <testcase name="changeText_sameActivity" classname="com.example.taphan.core1.AddCourseChangeTextBehaviorTest" time="1.786" />
  <testcase name="signOutNext" classname="com.example.taphan.core1.InfoActivityTest" time="1.072" />
  <testcase name="addCourseNext" classname="com.example.taphan.core1.InfoActivityTest" time="1.063" />
  <testcase name="appInfoNext" classname="com.example.taphan.core1.InfoActivityTest" time="0.915" />
  <testcase name="parcel" classname="com.example.taphan.core1.TokenInfoTest" time="0.076" />
  <testcase name="newFromToken" classname="com.example.taphan.core1.TokenInfoTest" time="0.0" />
  <testcase name="forgotPasswordNextIntent" classname="com.example.taphan.core1.login.LoginIntentTest" time="1.012" />
  <testcase name="signupNextIntent" classname="com.example.taphan.core1.login.LoginIntentTest" time="1.138" />
  <testcase name="emptyPasswordTest" classname="com.example.taphan.core1.login.LoginUserTest" time="1.95" />
  <testcase name="radioButtonProfTest" classname="com.example.taphan.core1.login.SignupTest" time="1.015" />
  <testcase name="shortPasswordTest" classname="com.example.taphan.core1.login.SignupTest" time="2.994" />
  <testcase name="radioButtonTaTest" classname="com.example.taphan.core1.login.SignupTest" time="1.137" />
  <testcase name="forgotPasswordNextIntent" classname="com.example.taphan.core1.login.SignupTest" time="1.234" />
  <testcase name="radioButtonStudTest" classname="com.example.taphan.core1.login.SignupTest" time="0.939" />
  <testcase name="invalidPasswordTest" classname="com.example.taphan.core1.login.SignupTest" time="3.085" />
  <testcase name="emptyPasswordTest" classname="com.example.taphan.core1.login.SignupTest" time="2.251" />
</testsuite>