<?xml version='1.0' encoding='UTF-8' ?>
<testsuite name="com.example.taphan.core1.course.AddCourseStudentTest" tests="20" failures="0" errors="0" skipped="0" time="27.102" timestamp="2017-04-26T21:45:54" hostname="localhost">
  <properties>
    <property name="device" value="Nexus_5X_API_25(AVD) - 7.1.1" />
    <property name="flavor" value="" />
    <property name="project" value="app" />
  </properties>
  <testcase name="changeText_newActivity" classname="com.example.taphan.core1.course.AddCourseStudentTest" time="3.105" />
  <testcase name="changeText_sameActivity" classname="com.example.taphan.core1.course.AddCourseStudentTest" time="1.802" />
  <testcase name="textIsEqualTest" classname="com.example.taphan.core1.course.AppInfoActivityTest" time="0.433" />
  <testcase name="signOutNext" classname="com.example.taphan.core1.course.InfoActivityTest" time="0.938" />
  <testcase name="addCourseNext" classname="com.example.taphan.core1.course.InfoActivityTest" time="0.957" />
  <testcase name="appInfoNext" classname="com.example.taphan.core1.course.InfoActivityTest" time="0.884" />
  <testcase name="chooseStudentActivity" classname="com.example.taphan.core1.login.TaActivityTest" time="0.934" />
  <testcase name="chooseProfActivity" classname="com.example.taphan.core1.login.TaActivityTest" time="1.035" />
  <testcase name="parcel" classname="com.example.taphan.core1.TokenInfoTest" time="0.075" />
  <testcase name="newFromToken" classname="com.example.taphan.core1.TokenInfoTest" time="0.0" />
  <testcase name="forgotPasswordNextIntent" classname="com.example.taphan.core1.login.LoginIntentTest" time="1.033" />
  <testcase name="signupNextIntent" classname="com.example.taphan.core1.login.LoginIntentTest" time="1.105" />
  <testcase name="emptyPasswordTest" classname="com.example.taphan.core1.login.LoginUserTest" time="2.163" />
  <testcase name="radioButtonProfTest" classname="com.example.taphan.core1.login.SignupTest" time="0.961" />
  <testcase name="shortPasswordTest" classname="com.example.taphan.core1.login.SignupTest" time="2.922" />
  <testcase name="radioButtonTaTest" classname="com.example.taphan.core1.login.SignupTest" time="0.981" />
  <testcase name="forgotPasswordNextIntent" classname="com.example.taphan.core1.login.SignupTest" time="1.206" />
  <testcase name="radioButtonStudTest" classname="com.example.taphan.core1.login.SignupTest" time="1.035" />
  <testcase name="invalidPasswordTest" classname="com.example.taphan.core1.login.SignupTest" time="2.754" />
  <testcase name="emptyPasswordTest" classname="com.example.taphan.core1.login.SignupTest" time="2.076" />
</testsuite>